0 info it worked if it ends with ok
1 verbose cli [ 'C:\\Program Files\\nodejs\\node.exe',
1 verbose cli   'C:\\Program Files\\nodejs\\node_modules\\npm\\bin\\npm-cli.js',
1 verbose cli   'run',
1 verbose cli   'sau' ]
2 info using npm@3.10.9
3 info using node@v6.9.2
4 verbose run-script [ 'presau', 'sau', 'postsau' ]
5 info lifecycle SimpleServer@1.0.0~presau: SimpleServer@1.0.0
6 silly lifecycle SimpleServer@1.0.0~presau: no script for presau, continuing
7 info lifecycle SimpleServer@1.0.0~sau: SimpleServer@1.0.0
8 verbose lifecycle SimpleServer@1.0.0~sau: unsafe-perm in lifecycle true
9 verbose lifecycle SimpleServer@1.0.0~sau: PATH: C:\Program Files\nodejs\node_modules\npm\bin\node-gyp-bin;D:\Frontend\Express\SimpleServer\node_modules\.bin;C:\ProgramData\Oracle\Java\javapath;C:\Windows\SYSTEM32;C:\Windows;C:\Windows\SYSTEM32\WBEM;C:\Windows\SYSTEM32\WINDOWSPOWERSHELL\V1.0\;C:\PROGRAM FILES\INTEL\WIFI\BIN\;C:\PROGRAM FILES\COMMON FILES\INTEL\WIRELESSCOMMON\;C:\Windows\system32;C:\Windows;C:\Windows\System32\Wbem;C:\Windows\System32\WindowsPowerShell\v1.0\;C:\Go\bin;c:\Qt\Qt5.7.0\Tools\mingw530_32\bin\;D:\Golang\Work\bin;D:\Program Files (x86)\Brackets\command;C:\Program Files (x86)\QuickTime\QTSystem\;C:\Program Files\nodejs\;C:\Program Files\Git\cmd;c:\Program Files\Git\usr\bin\;D:\Leiningen\.lein\bin;C:\Users\vapirovschi\AppData\Roaming\npm;C:\Users\vapirovschi\AppData\Local\atom\bin;C:\Program Files\Heroku\bin
10 verbose lifecycle SimpleServer@1.0.0~sau: CWD: D:\Frontend\Express\SimpleServer
11 silly lifecycle SimpleServer@1.0.0~sau: Args: [ '/d /s /c', 'babel-node server.js' ]
12 silly lifecycle SimpleServer@1.0.0~sau: Returned: code: 3221225786  signal: null
13 info lifecycle SimpleServer@1.0.0~sau: Failed to exec sau script
14 verbose stack Error: SimpleServer@1.0.0 sau: `babel-node server.js`
14 verbose stack Exit status 3221225786
14 verbose stack     at EventEmitter.<anonymous> (C:\Program Files\nodejs\node_modules\npm\lib\utils\lifecycle.js:255:16)
14 verbose stack     at emitTwo (events.js:106:13)
14 verbose stack     at EventEmitter.emit (events.js:191:7)
14 verbose stack     at ChildProcess.<anonymous> (C:\Program Files\nodejs\node_modules\npm\lib\utils\spawn.js:40:14)
14 verbose stack     at emitTwo (events.js:106:13)
14 verbose stack     at ChildProcess.emit (events.js:191:7)
14 verbose stack     at maybeClose (internal/child_process.js:877:16)
14 verbose stack     at Process.ChildProcess._handle.onexit (internal/child_process.js:226:5)
15 verbose pkgid SimpleServer@1.0.0
16 verbose cwd D:\Frontend\Express\SimpleServer
17 error Windows_NT 10.0.10240
18 error argv "C:\\Program Files\\nodejs\\node.exe" "C:\\Program Files\\nodejs\\node_modules\\npm\\bin\\npm-cli.js" "run" "sau"
19 error node v6.9.2
20 error npm  v3.10.9
21 error code ELIFECYCLE
22 error SimpleServer@1.0.0 sau: `babel-node server.js`
22 error Exit status 3221225786
23 error Failed at the SimpleServer@1.0.0 sau script 'babel-node server.js'.
23 error Make sure you have the latest version of node.js and npm installed.
23 error If you do, this is most likely a problem with the SimpleServer package,
23 error not with npm itself.
23 error Tell the author that this fails on your system:
23 error     babel-node server.js
23 error You can get information on how to open an issue for this project with:
23 error     npm bugs SimpleServer
23 error Or if that isn't available, you can get their info via:
23 error     npm owner ls SimpleServer
23 error There is likely additional logging output above.
24 verbose exit [ 1, true ]
